<?xml version="1.0" encoding="UTF-8"?>
<!-- Generated by org.testng.reporters.JUnitReportReporter -->
<testsuite hostname="DESKTOP-6REBFVO" failures="0" tests="1" name="Pan_Card_Validation" time="0.006" errors="0" timestamp="2022-07-07T10:52:58 IST" skipped="0">
  <testcase classname="Pan_Card_Validation" name="givenText_whenSimpleRegexMatchesTwice_thenCorrect" time="0.006"/>
  <system-out/>
</testsuite> <!-- Pan_Card_Validation -->
