<?xml version="1.0" encoding="UTF-8"?>
<!-- Generated by org.testng.reporters.JUnitReportReporter -->
<testsuite hostname="DESKTOP-6REBFVO" failures="0" tests="1" name="Establishment.login" time="7.438" errors="0" timestamp="2022-06-23T09:51:25 IST" skipped="0">
  <testcase classname="Establishment.login" name="intialize" time="7.438"/>
  <system-out/>
</testsuite> <!-- Establishment.login -->
