<?xml version="1.0" encoding="UTF-8"?>
<!-- Generated by org.testng.reporters.JUnitReportReporter -->
<testsuite hostname="DESKTOP-6REBFVO" failures="1" tests="10" name="LIST.LIST1" time="29.821" errors="0" timestamp="2022-07-07T12:15:36 IST" skipped="9">
  <testcase classname="LIST.LIST1" name="Bank_Detail2" time="29.821">
    <failure message="ADD necessory expected [ADD/Update Bank Detail] but found [Back to List]" type="java.lang.AssertionError">
      <![CDATA[java.lang.AssertionError: ADD necessory expected [ADD/Update Bank Detail] but found [Back to List]
at org.testng.Assert.fail(Assert.java:99)
at org.testng.Assert.failNotEquals(Assert.java:1037)
at org.testng.Assert.assertEqualsImpl(Assert.java:140)
at org.testng.Assert.assertEquals(Assert.java:122)
at org.testng.Assert.assertEquals(Assert.java:629)
at LIST.LIST1.Bank_Detail2(LIST1.java:290)
at java.base/jdk.internal.reflect.NativeMethodAccessorImpl.invoke0(Native Method)
at java.base/jdk.internal.reflect.NativeMethodAccessorImpl.invoke(NativeMethodAccessorImpl.java:77)
at java.base/jdk.internal.reflect.DelegatingMethodAccessorImpl.invoke(DelegatingMethodAccessorImpl.java:43)
at java.base/java.lang.reflect.Method.invoke(Method.java:568)
at org.testng.internal.MethodInvocationHelper.invokeMethod(MethodInvocationHelper.java:133)
at org.testng.internal.TestInvoker.invokeMethod(TestInvoker.java:598)
at org.testng.internal.TestInvoker.invokeTestMethod(TestInvoker.java:173)
at org.testng.internal.MethodRunner.runInSequence(MethodRunner.java:46)
at org.testng.internal.TestInvoker$MethodInvocationAgent.invoke(TestInvoker.java:824)
at org.testng.internal.TestInvoker.invokeTestMethods(TestInvoker.java:146)
at org.testng.internal.TestMethodWorker.invokeTestMethods(TestMethodWorker.java:146)
at org.testng.internal.TestMethodWorker.run(TestMethodWorker.java:128)
at java.base/java.util.ArrayList.forEach(ArrayList.java:1511)
at org.testng.TestRunner.privateRun(TestRunner.java:794)
at org.testng.TestRunner.run(TestRunner.java:596)
at org.testng.SuiteRunner.runTest(SuiteRunner.java:377)
at org.testng.SuiteRunner.runSequentially(SuiteRunner.java:371)
at org.testng.SuiteRunner.privateRun(SuiteRunner.java:332)
at org.testng.SuiteRunner.run(SuiteRunner.java:276)
at org.testng.SuiteRunnerWorker.runSuite(SuiteRunnerWorker.java:53)
at org.testng.SuiteRunnerWorker.run(SuiteRunnerWorker.java:96)
at org.testng.TestNG.runSuitesSequentially(TestNG.java:1212)
at org.testng.TestNG.runSuitesLocally(TestNG.java:1134)
at org.testng.TestNG.runSuites(TestNG.java:1063)
at org.testng.TestNG.run(TestNG.java:1031)
at org.testng.remote.AbstractRemoteTestNG.run(AbstractRemoteTestNG.java:115)
at org.testng.remote.RemoteTestNG.initAndRun(RemoteTestNG.java:251)
at org.testng.remote.RemoteTestNG.main(RemoteTestNG.java:77)
]]>
    </failure>
  </testcase> <!-- Bank_Detail2 -->
  <system-out/>
  <testcase classname="LIST.LIST1" name="Update_Nominee_info">
    <skipped/>
  </testcase> <!-- Update_Nominee_info -->
  <system-out/>
  <testcase classname="LIST.LIST1" name="Nominee_Info1">
    <skipped/>
  </testcase> <!-- Nominee_Info1 -->
  <system-out/>
  <testcase classname="LIST.LIST1" name="EMP_Education_Detail_Update">
    <skipped/>
  </testcase> <!-- EMP_Education_Detail_Update -->
  <system-out/>
  <testcase classname="LIST.LIST1" name="ADD_Education_info">
    <skipped/>
  </testcase> <!-- ADD_Education_info -->
  <system-out/>
  <testcase classname="LIST.LIST1" name="LOgin">
    <skipped/>
  </testcase> <!-- LOgin -->
  <system-out/>
  <testcase classname="LIST.LIST1" name="List">
    <skipped/>
  </testcase> <!-- List -->
  <system-out/>
  <testcase classname="LIST.LIST1" name="Bank_Detail">
    <skipped/>
  </testcase> <!-- Bank_Detail -->
  <system-out/>
  <testcase classname="LIST.LIST1" name="Bank_Detail1">
    <skipped/>
  </testcase> <!-- Bank_Detail1 -->
  <system-out/>
  <testcase classname="LIST.LIST1" name="Nominee_Info">
    <skipped/>
  </testcase> <!-- Nominee_Info -->
  <system-out/>
</testsuite> <!-- LIST.LIST1 -->
