<?xml version="1.0" encoding="UTF-8"?>
<!-- Generated by org.testng.reporters.JUnitReportReporter -->
<testsuite hostname="DESKTOP-6REBFVO" failures="0" tests="2" name="LIST.ViewDocuments" time="48.461" errors="0" timestamp="2022-06-16T18:27:02 IST" skipped="0">
  <testcase classname="LIST.ViewDocuments" name="LIST" time="21.030"/>
  <system-out/>
  <testcase classname="LIST.ViewDocuments" name="EducationInfo" time="27.431"/>
  <system-out/>
</testsuite> <!-- LIST.ViewDocuments -->
