<?xml version="1.0" encoding="UTF-8"?>
<!-- Generated by org.testng.reporters.JUnitReportReporter -->
<testsuite hostname="DESKTOP-6REBFVO" failures="0" tests="1" name="click.webelement.so.Main" time="0.006" errors="0" timestamp="2022-07-04T15:13:40 IST" skipped="0">
  <testcase classname="click.webelement.so.Main" name="testTitle" time="0.006"/>
  <system-out/>
</testsuite> <!-- click.webelement.so.Main -->
